Mon Aug 20 2018 15:20:51 GMT-0400 (Eastern Daylight Time): GET /
Mon Aug 20 2018 15:20:54 GMT-0400 (Eastern Daylight Time): GET /
Mon Aug 20 2018 15:20:55 GMT-0400 (Eastern Daylight Time): GET /about
Mon Aug 20 2018 15:20:56 GMT-0400 (Eastern Daylight Time): GET /projects
Mon Aug 20 2018 15:20:59 GMT-0400 (Eastern Daylight Time): GET /projects
Mon Aug 20 2018 15:20:59 GMT-0400 (Eastern Daylight Time): GET /about
Mon Aug 20 2018 15:21:00 GMT-0400 (Eastern Daylight Time): GET /
Fri Aug 24 2018 17:13:20 GMT-0400 (Eastern Daylight Time): GET /
Fri Aug 24 2018 17:13:44 GMT-0400 (Eastern Daylight Time): GET /
Fri Aug 24 2018 17:13:46 GMT-0400 (Eastern Daylight Time): GET /about
Fri Aug 24 2018 17:13:47 GMT-0400 (Eastern Daylight Time): GET /projects
Fri Aug 24 2018 17:14:28 GMT-0400 (Eastern Daylight Time): GET /about
Fri Aug 24 2018 17:14:30 GMT-0400 (Eastern Daylight Time): GET /
Fri Aug 24 2018 17:14:31 GMT-0400 (Eastern Daylight Time): GET /about
Fri Aug 24 2018 17:14:32 GMT-0400 (Eastern Daylight Time): GET /projects
Fri Aug 24 2018 17:14:34 GMT-0400 (Eastern Daylight Time): GET /about
Fri Aug 24 2018 17:14:35 GMT-0400 (Eastern Daylight Time): GET /
Fri Aug 24 2018 17:14:36 GMT-0400 (Eastern Daylight Time): GET /
Fri Aug 24 2018 17:14:39 GMT-0400 (Eastern Daylight Time): GET /projects
Fri Aug 24 2018 17:14:41 GMT-0400 (Eastern Daylight Time): GET /about
Fri Aug 24 2018 17:14:41 GMT-0400 (Eastern Daylight Time): GET /
Fri Aug 24 2018 17:15:23 GMT-0400 (Eastern Daylight Time): GET /
Fri Aug 24 2018 17:15:24 GMT-0400 (Eastern Daylight Time): GET /about
Fri Aug 24 2018 17:15:25 GMT-0400 (Eastern Daylight Time): GET /projects
Fri Aug 24 2018 17:15:27 GMT-0400 (Eastern Daylight Time): GET /about
Fri Aug 24 2018 17:15:28 GMT-0400 (Eastern Daylight Time): GET /
Fri Aug 24 2018 17:15:44 GMT-0400 (Eastern Daylight Time): GET /about
Fri Aug 24 2018 17:17:44 GMT-0400 (Eastern Daylight Time): GET /about
Fri Aug 24 2018 17:17:46 GMT-0400 (Eastern Daylight Time): GET /about
Fri Aug 24 2018 17:17:47 GMT-0400 (Eastern Daylight Time): GET /
Fri Aug 24 2018 17:17:50 GMT-0400 (Eastern Daylight Time): GET /about
Fri Aug 24 2018 17:17:51 GMT-0400 (Eastern Daylight Time): GET /projects
Fri Aug 24 2018 17:17:52 GMT-0400 (Eastern Daylight Time): GET /about
Fri Aug 24 2018 17:17:54 GMT-0400 (Eastern Daylight Time): GET /
Fri Aug 24 2018 17:24:08 GMT-0400 (Eastern Daylight Time): GET /
Fri Aug 24 2018 17:24:11 GMT-0400 (Eastern Daylight Time): GET /about
Fri Aug 24 2018 17:24:12 GMT-0400 (Eastern Daylight Time): GET /projects
Fri Aug 24 2018 17:24:14 GMT-0400 (Eastern Daylight Time): GET /about
Fri Aug 24 2018 17:24:34 GMT-0400 (Eastern Daylight Time): GET /
Fri Aug 24 2018 17:24:38 GMT-0400 (Eastern Daylight Time): GET /about
Fri Aug 24 2018 18:17:07 GMT-0400 (Eastern Daylight Time): GET /about
Fri Aug 24 2018 18:17:11 GMT-0400 (Eastern Daylight Time): GET /
Fri Aug 24 2018 18:17:16 GMT-0400 (Eastern Daylight Time): GET /
Fri Aug 24 2018 18:18:15 GMT-0400 (Eastern Daylight Time): GET /
Fri Aug 24 2018 18:18:17 GMT-0400 (Eastern Daylight Time): GET /
Fri Aug 24 2018 18:18:31 GMT-0400 (Eastern Daylight Time): GET /
Fri Aug 24 2018 18:18:34 GMT-0400 (Eastern Daylight Time): GET /about
Fri Aug 24 2018 18:18:36 GMT-0400 (Eastern Daylight Time): GET /
